<?xml version="1.0" encoding="UTF-8"?>
<testsuite xmlns:xsi="http://www.w3.org/2001/XMLSchema-instance" xsi:noNamespaceSchemaLocation="https://maven.apache.org/surefire/maven-surefire-plugin/xsd/surefire-test-report-3.0.xsd" version="3.0" name="TestSuite" time="69.226" tests="20" errors="0" skipped="0" failures="0">
  <properties>
    <property name="java.specification.version" value="17"/>
    <property name="sun.cpu.isalist" value="amd64"/>
    <property name="sun.jnu.encoding" value="Cp1252"/>
    <property name="java.class.path" value="C:\Users\2303619\eclipse-workspace\ZigwheelHackathon\target\test-classes;C:\Users\2303619\eclipse-workspace\ZigwheelHackathon\target\classes;C:\Users\2303619\.m2\repository\junit\junit\4.13.2\junit-4.13.2.jar;C:\Users\2303619\.m2\repository\org\hamcrest\hamcrest-core\1.3\hamcrest-core-1.3.jar;C:\Users\2303619\.m2\repository\io\cucumber\cucumber-java\7.15.0\cucumber-java-7.15.0.jar;C:\Users\2303619\.m2\repository\io\cucumber\cucumber-core\7.15.0\cucumber-core-7.15.0.jar;C:\Users\2303619\.m2\repository\io\cucumber\cucumber-gherkin\7.15.0\cucumber-gherkin-7.15.0.jar;C:\Users\2303619\.m2\repository\io\cucumber\cucumber-gherkin-messages\7.15.0\cucumber-gherkin-messages-7.15.0.jar;C:\Users\2303619\.m2\repository\io\cucumber\gherkin\26.2.0\gherkin-26.2.0.jar;C:\Users\2303619\.m2\repository\io\cucumber\messages\22.0.0\messages-22.0.0.jar;C:\Users\2303619\.m2\repository\io\cucumber\tag-expressions\6.0.0\tag-expressions-6.0.0.jar;C:\Users\2303619\.m2\repository\io\cucumber\cucumber-expressions\17.0.1\cucumber-expressions-17.0.1.jar;C:\Users\2303619\.m2\repository\io\cucumber\datatable\7.15.0\datatable-7.15.0.jar;C:\Users\2303619\.m2\repository\io\cucumber\cucumber-plugin\7.15.0\cucumber-plugin-7.15.0.jar;C:\Users\2303619\.m2\repository\io\cucumber\docstring\7.15.0\docstring-7.15.0.jar;C:\Users\2303619\.m2\repository\io\cucumber\html-formatter\20.4.0\html-formatter-20.4.0.jar;C:\Users\2303619\.m2\repository\io\cucumber\junit-xml-formatter\0.2.0\junit-xml-formatter-0.2.0.jar;C:\Users\2303619\.m2\repository\io\cucumber\ci-environment\10.0.0\ci-environment-10.0.0.jar;C:\Users\2303619\.m2\repository\org\apiguardian\apiguardian-api\1.1.2\apiguardian-api-1.1.2.jar;C:\Users\2303619\.m2\repository\org\testng\testng\7.7.1\testng-7.7.1.jar;C:\Users\2303619\.m2\repository\com\beust\jcommander\1.82\jcommander-1.82.jar;C:\Users\2303619\.m2\repository\org\webjars\jquery\3.6.1\jquery-3.6.1.jar;C:\Users\2303619\.m2\repository\io\cucumber\cucumber-junit\7.15.0\cucumber-junit-7.15.0.jar;C:\Users\2303619\.m2\repository\io\github\bonigarcia\webdrivermanager\5.6.2\webdrivermanager-5.6.2.jar;C:\Users\2303619\.m2\repository\com\google\code\gson\gson\2.10.1\gson-2.10.1.jar;C:\Users\2303619\.m2\repository\com\github\docker-java\docker-java\3.3.4\docker-java-3.3.4.jar;C:\Users\2303619\.m2\repository\com\github\docker-java\docker-java-core\3.3.4\docker-java-core-3.3.4.jar;C:\Users\2303619\.m2\repository\com\github\docker-java\docker-java-api\3.3.4\docker-java-api-3.3.4.jar;C:\Users\2303619\.m2\repository\com\fasterxml\jackson\core\jackson-annotations\2.10.3\jackson-annotations-2.10.3.jar;C:\Users\2303619\.m2\repository\com\fasterxml\jackson\core\jackson-databind\2.10.3\jackson-databind-2.10.3.jar;C:\Users\2303619\.m2\repository\com\fasterxml\jackson\core\jackson-core\2.10.3\jackson-core-2.10.3.jar;C:\Users\2303619\.m2\repository\org\bouncycastle\bcpkix-jdk18on\1.76\bcpkix-jdk18on-1.76.jar;C:\Users\2303619\.m2\repository\org\bouncycastle\bcprov-jdk18on\1.76\bcprov-jdk18on-1.76.jar;C:\Users\2303619\.m2\repository\org\bouncycastle\bcutil-jdk18on\1.76\bcutil-jdk18on-1.76.jar;C:\Users\2303619\.m2\repository\org\slf4j\jcl-over-slf4j\1.7.30\jcl-over-slf4j-1.7.30.jar;C:\Users\2303619\.m2\repository\com\github\docker-java\docker-java-transport-httpclient5\3.3.4\docker-java-transport-httpclient5-3.3.4.jar;C:\Users\2303619\.m2\repository\com\github\docker-java\docker-java-transport\3.3.4\docker-java-transport-3.3.4.jar;C:\Users\2303619\.m2\repository\net\java\dev\jna\jna\5.13.0\jna-5.13.0.jar;C:\Users\2303619\.m2\repository\org\brotli\dec\0.1.2\dec-0.1.2.jar;C:\Users\2303619\.m2\repository\org\apache\commons\commons-lang3\3.13.0\commons-lang3-3.13.0.jar;C:\Users\2303619\.m2\repository\org\apache\commons\commons-compress\1.24.0\commons-compress-1.24.0.jar;C:\Users\2303619\.m2\repository\org\apache\httpcomponents\client5\httpclient5\5.2.1\httpclient5-5.2.1.jar;C:\Users\2303619\.m2\repository\org\apache\httpcomponents\core5\httpcore5\5.2\httpcore5-5.2.jar;C:\Users\2303619\.m2\repository\org\apache\httpcomponents\core5\httpcore5-h2\5.2\httpcore5-h2-5.2.jar;C:\Users\2303619\.m2\repository\org\seleniumhq\selenium\selenium-java\4.17.0\selenium-java-4.17.0.jar;C:\Users\2303619\.m2\repository\org\seleniumhq\selenium\selenium-api\4.17.0\selenium-api-4.17.0.jar;C:\Users\2303619\.m2\repository\org\seleniumhq\selenium\selenium-chrome-driver\4.17.0\selenium-chrome-driver-4.17.0.jar;C:\Users\2303619\.m2\repository\com\google\auto\service\auto-service-annotations\1.1.1\auto-service-annotations-1.1.1.jar;C:\Users\2303619\.m2\repository\org\seleniumhq\selenium\selenium-chromium-driver\4.17.0\selenium-chromium-driver-4.17.0.jar;C:\Users\2303619\.m2\repository\org\seleniumhq\selenium\selenium-json\4.17.0\selenium-json-4.17.0.jar;C:\Users\2303619\.m2\repository\org\seleniumhq\selenium\selenium-manager\4.17.0\selenium-manager-4.17.0.jar;C:\Users\2303619\.m2\repository\org\seleniumhq\selenium\selenium-devtools-v119\4.17.0\selenium-devtools-v119-4.17.0.jar;C:\Users\2303619\.m2\repository\org\seleniumhq\selenium\selenium-devtools-v120\4.17.0\selenium-devtools-v120-4.17.0.jar;C:\Users\2303619\.m2\repository\org\seleniumhq\selenium\selenium-devtools-v121\4.17.0\selenium-devtools-v121-4.17.0.jar;C:\Users\2303619\.m2\repository\org\seleniumhq\selenium\selenium-devtools-v85\4.17.0\selenium-devtools-v85-4.17.0.jar;C:\Users\2303619\.m2\repository\org\seleniumhq\selenium\selenium-edge-driver\4.17.0\selenium-edge-driver-4.17.0.jar;C:\Users\2303619\.m2\repository\org\seleniumhq\selenium\selenium-firefox-driver\4.17.0\selenium-firefox-driver-4.17.0.jar;C:\Users\2303619\.m2\repository\org\seleniumhq\selenium\selenium-http\4.17.0\selenium-http-4.17.0.jar;C:\Users\2303619\.m2\repository\dev\failsafe\failsafe\3.3.2\failsafe-3.3.2.jar;C:\Users\2303619\.m2\repository\org\seleniumhq\selenium\selenium-ie-driver\4.17.0\selenium-ie-driver-4.17.0.jar;C:\Users\2303619\.m2\repository\org\seleniumhq\selenium\selenium-remote-driver\4.17.0\selenium-remote-driver-4.17.0.jar;C:\Users\2303619\.m2\repository\com\google\guava\guava\33.0.0-jre\guava-33.0.0-jre.jar;C:\Users\2303619\.m2\repository\com\google\guava\failureaccess\1.0.2\failureaccess-1.0.2.jar;C:\Users\2303619\.m2\repository\com\google\guava\listenablefuture\9999.0-empty-to-avoid-conflict-with-guava\listenablefuture-9999.0-empty-to-avoid-conflict-with-guava.jar;C:\Users\2303619\.m2\repository\com\google\code\findbugs\jsr305\3.0.2\jsr305-3.0.2.jar;C:\Users\2303619\.m2\repository\org\checkerframework\checker-qual\3.41.0\checker-qual-3.41.0.jar;C:\Users\2303619\.m2\repository\com\google\errorprone\error_prone_annotations\2.23.0\error_prone_annotations-2.23.0.jar;C:\Users\2303619\.m2\repository\com\google\j2objc\j2objc-annotations\2.8\j2objc-annotations-2.8.jar;C:\Users\2303619\.m2\repository\io\opentelemetry\semconv\opentelemetry-semconv\1.23.1-alpha\opentelemetry-semconv-1.23.1-alpha.jar;C:\Users\2303619\.m2\repository\io\opentelemetry\opentelemetry-api\1.34.1\opentelemetry-api-1.34.1.jar;C:\Users\2303619\.m2\repository\io\opentelemetry\opentelemetry-context\1.34.1\opentelemetry-context-1.34.1.jar;C:\Users\2303619\.m2\repository\io\opentelemetry\opentelemetry-exporter-logging\1.34.1\opentelemetry-exporter-logging-1.34.1.jar;C:\Users\2303619\.m2\repository\io\opentelemetry\opentelemetry-sdk-common\1.34.1\opentelemetry-sdk-common-1.34.1.jar;C:\Users\2303619\.m2\repository\io\opentelemetry\opentelemetry-sdk-extension-autoconfigure-spi\1.34.1\opentelemetry-sdk-extension-autoconfigure-spi-1.34.1.jar;C:\Users\2303619\.m2\repository\io\opentelemetry\opentelemetry-sdk-extension-autoconfigure\1.34.1\opentelemetry-sdk-extension-autoconfigure-1.34.1.jar;C:\Users\2303619\.m2\repository\io\opentelemetry\opentelemetry-api-events\1.34.1-alpha\opentelemetry-api-events-1.34.1-alpha.jar;C:\Users\2303619\.m2\repository\io\opentelemetry\opentelemetry-sdk-trace\1.34.1\opentelemetry-sdk-trace-1.34.1.jar;C:\Users\2303619\.m2\repository\io\opentelemetry\opentelemetry-sdk\1.34.1\opentelemetry-sdk-1.34.1.jar;C:\Users\2303619\.m2\repository\io\opentelemetry\opentelemetry-sdk-metrics\1.34.1\opentelemetry-sdk-metrics-1.34.1.jar;C:\Users\2303619\.m2\repository\io\opentelemetry\opentelemetry-extension-incubator\1.34.1-alpha\opentelemetry-extension-incubator-1.34.1-alpha.jar;C:\Users\2303619\.m2\repository\io\opentelemetry\opentelemetry-sdk-logs\1.34.1\opentelemetry-sdk-logs-1.34.1.jar;C:\Users\2303619\.m2\repository\net\bytebuddy\byte-buddy\1.14.11\byte-buddy-1.14.11.jar;C:\Users\2303619\.m2\repository\org\seleniumhq\selenium\selenium-os\4.17.0\selenium-os-4.17.0.jar;C:\Users\2303619\.m2\repository\org\apache\commons\commons-exec\1.3\commons-exec-1.3.jar;C:\Users\2303619\.m2\repository\org\seleniumhq\selenium\selenium-safari-driver\4.17.0\selenium-safari-driver-4.17.0.jar;C:\Users\2303619\.m2\repository\org\seleniumhq\selenium\selenium-support\4.17.0\selenium-support-4.17.0.jar;C:\Users\2303619\.m2\repository\org\apache\poi\poi\5.2.4\poi-5.2.4.jar;C:\Users\2303619\.m2\repository\commons-codec\commons-codec\1.16.0\commons-codec-1.16.0.jar;C:\Users\2303619\.m2\repository\org\apache\commons\commons-collections4\4.4\commons-collections4-4.4.jar;C:\Users\2303619\.m2\repository\org\apache\commons\commons-math3\3.6.1\commons-math3-3.6.1.jar;C:\Users\2303619\.m2\repository\com\zaxxer\SparseBitSet\1.3\SparseBitSet-1.3.jar;C:\Users\2303619\.m2\repository\org\apache\logging\log4j\log4j-core\2.22.1\log4j-core-2.22.1.jar;C:\Users\2303619\.m2\repository\org\apache\logging\log4j\log4j-api\2.22.1\log4j-api-2.22.1.jar;C:\Users\2303619\.m2\repository\org\apache\logging\log4j\log4j-slf4j-impl\2.22.1\log4j-slf4j-impl-2.22.1.jar;C:\Users\2303619\.m2\repository\org\slf4j\slf4j-api\2.0.11\slf4j-api-2.0.11.jar;C:\Users\2303619\.m2\repository\org\slf4j\slf4j-simple\2.0.11\slf4j-simple-2.0.11.jar;C:\Users\2303619\.m2\repository\commons-io\commons-io\2.15.1\commons-io-2.15.1.jar;C:\Users\2303619\.m2\repository\org\apache\poi\poi-ooxml\5.2.4\poi-ooxml-5.2.4.jar;C:\Users\2303619\.m2\repository\org\apache\poi\poi-ooxml-lite\5.2.4\poi-ooxml-lite-5.2.4.jar;C:\Users\2303619\.m2\repository\org\apache\xmlbeans\xmlbeans\5.1.1\xmlbeans-5.1.1.jar;C:\Users\2303619\.m2\repository\com\github\virtuald\curvesapi\1.08\curvesapi-1.08.jar;C:\Users\2303619\.m2\repository\com\aventstack\extentreports\5.1.1\extentreports-5.1.1.jar;C:\Users\2303619\.m2\repository\io\reactivex\rxjava3\rxjava\3.1.6\rxjava-3.1.6.jar;C:\Users\2303619\.m2\repository\org\reactivestreams\reactive-streams\1.0.4\reactive-streams-1.0.4.jar;C:\Users\2303619\.m2\repository\org\freemarker\freemarker\2.3.32\freemarker-2.3.32.jar;C:\Users\2303619\.m2\repository\org\projectlombok\lombok\1.18.26\lombok-1.18.26.jar;"/>
    <property name="java.vm.vendor" value="Azul Systems, Inc."/>
    <property name="sun.arch.data.model" value="64"/>
    <property name="user.variant" value=""/>
    <property name="java.vendor.url" value="http://www.azul.com/"/>
    <property name="user.timezone" value="Asia/Calcutta"/>
    <property name="os.name" value="Windows 11"/>
    <property name="java.vm.specification.version" value="17"/>
    <property name="sun.java.launcher" value="SUN_STANDARD"/>
    <property name="user.country" value="GB"/>
    <property name="sun.boot.library.path" value="C:\Program Files\Zulu\zulu-17\bin"/>
    <property name="sun.java.command" value="C:\Users\2303619\AppData\Local\Temp\10\surefire748584952937286398\surefirebooter-20240304123600624_3.jar C:\Users\2303619\AppData\Local\Temp\10\surefire748584952937286398 2024-03-04T12-36-00_397-jvmRun1 surefire-20240304123600624_1tmp surefire_0-20240304123600624_2tmp"/>
    <property name="jdk.debug" value="release"/>
    <property name="surefire.test.class.path" value="C:\Users\2303619\eclipse-workspace\ZigwheelHackathon\target\test-classes;C:\Users\2303619\eclipse-workspace\ZigwheelHackathon\target\classes;C:\Users\2303619\.m2\repository\junit\junit\4.13.2\junit-4.13.2.jar;C:\Users\2303619\.m2\repository\org\hamcrest\hamcrest-core\1.3\hamcrest-core-1.3.jar;C:\Users\2303619\.m2\repository\io\cucumber\cucumber-java\7.15.0\cucumber-java-7.15.0.jar;C:\Users\2303619\.m2\repository\io\cucumber\cucumber-core\7.15.0\cucumber-core-7.15.0.jar;C:\Users\2303619\.m2\repository\io\cucumber\cucumber-gherkin\7.15.0\cucumber-gherkin-7.15.0.jar;C:\Users\2303619\.m2\repository\io\cucumber\cucumber-gherkin-messages\7.15.0\cucumber-gherkin-messages-7.15.0.jar;C:\Users\2303619\.m2\repository\io\cucumber\gherkin\26.2.0\gherkin-26.2.0.jar;C:\Users\2303619\.m2\repository\io\cucumber\messages\22.0.0\messages-22.0.0.jar;C:\Users\2303619\.m2\repository\io\cucumber\tag-expressions\6.0.0\tag-expressions-6.0.0.jar;C:\Users\2303619\.m2\repository\io\cucumber\cucumber-expressions\17.0.1\cucumber-expressions-17.0.1.jar;C:\Users\2303619\.m2\repository\io\cucumber\datatable\7.15.0\datatable-7.15.0.jar;C:\Users\2303619\.m2\repository\io\cucumber\cucumber-plugin\7.15.0\cucumber-plugin-7.15.0.jar;C:\Users\2303619\.m2\repository\io\cucumber\docstring\7.15.0\docstring-7.15.0.jar;C:\Users\2303619\.m2\repository\io\cucumber\html-formatter\20.4.0\html-formatter-20.4.0.jar;C:\Users\2303619\.m2\repository\io\cucumber\junit-xml-formatter\0.2.0\junit-xml-formatter-0.2.0.jar;C:\Users\2303619\.m2\repository\io\cucumber\ci-environment\10.0.0\ci-environment-10.0.0.jar;C:\Users\2303619\.m2\repository\org\apiguardian\apiguardian-api\1.1.2\apiguardian-api-1.1.2.jar;C:\Users\2303619\.m2\repository\org\testng\testng\7.7.1\testng-7.7.1.jar;C:\Users\2303619\.m2\repository\com\beust\jcommander\1.82\jcommander-1.82.jar;C:\Users\2303619\.m2\repository\org\webjars\jquery\3.6.1\jquery-3.6.1.jar;C:\Users\2303619\.m2\repository\io\cucumber\cucumber-junit\7.15.0\cucumber-junit-7.15.0.jar;C:\Users\2303619\.m2\repository\io\github\bonigarcia\webdrivermanager\5.6.2\webdrivermanager-5.6.2.jar;C:\Users\2303619\.m2\repository\com\google\code\gson\gson\2.10.1\gson-2.10.1.jar;C:\Users\2303619\.m2\repository\com\github\docker-java\docker-java\3.3.4\docker-java-3.3.4.jar;C:\Users\2303619\.m2\repository\com\github\docker-java\docker-java-core\3.3.4\docker-java-core-3.3.4.jar;C:\Users\2303619\.m2\repository\com\github\docker-java\docker-java-api\3.3.4\docker-java-api-3.3.4.jar;C:\Users\2303619\.m2\repository\com\fasterxml\jackson\core\jackson-annotations\2.10.3\jackson-annotations-2.10.3.jar;C:\Users\2303619\.m2\repository\com\fasterxml\jackson\core\jackson-databind\2.10.3\jackson-databind-2.10.3.jar;C:\Users\2303619\.m2\repository\com\fasterxml\jackson\core\jackson-core\2.10.3\jackson-core-2.10.3.jar;C:\Users\2303619\.m2\repository\org\bouncycastle\bcpkix-jdk18on\1.76\bcpkix-jdk18on-1.76.jar;C:\Users\2303619\.m2\repository\org\bouncycastle\bcprov-jdk18on\1.76\bcprov-jdk18on-1.76.jar;C:\Users\2303619\.m2\repository\org\bouncycastle\bcutil-jdk18on\1.76\bcutil-jdk18on-1.76.jar;C:\Users\2303619\.m2\repository\org\slf4j\jcl-over-slf4j\1.7.30\jcl-over-slf4j-1.7.30.jar;C:\Users\2303619\.m2\repository\com\github\docker-java\docker-java-transport-httpclient5\3.3.4\docker-java-transport-httpclient5-3.3.4.jar;C:\Users\2303619\.m2\repository\com\github\docker-java\docker-java-transport\3.3.4\docker-java-transport-3.3.4.jar;C:\Users\2303619\.m2\repository\net\java\dev\jna\jna\5.13.0\jna-5.13.0.jar;C:\Users\2303619\.m2\repository\org\brotli\dec\0.1.2\dec-0.1.2.jar;C:\Users\2303619\.m2\repository\org\apache\commons\commons-lang3\3.13.0\commons-lang3-3.13.0.jar;C:\Users\2303619\.m2\repository\org\apache\commons\commons-compress\1.24.0\commons-compress-1.24.0.jar;C:\Users\2303619\.m2\repository\org\apache\httpcomponents\client5\httpclient5\5.2.1\httpclient5-5.2.1.jar;C:\Users\2303619\.m2\repository\org\apache\httpcomponents\core5\httpcore5\5.2\httpcore5-5.2.jar;C:\Users\2303619\.m2\repository\org\apache\httpcomponents\core5\httpcore5-h2\5.2\httpcore5-h2-5.2.jar;C:\Users\2303619\.m2\repository\org\seleniumhq\selenium\selenium-java\4.17.0\selenium-java-4.17.0.jar;C:\Users\2303619\.m2\repository\org\seleniumhq\selenium\selenium-api\4.17.0\selenium-api-4.17.0.jar;C:\Users\2303619\.m2\repository\org\seleniumhq\selenium\selenium-chrome-driver\4.17.0\selenium-chrome-driver-4.17.0.jar;C:\Users\2303619\.m2\repository\com\google\auto\service\auto-service-annotations\1.1.1\auto-service-annotations-1.1.1.jar;C:\Users\2303619\.m2\repository\org\seleniumhq\selenium\selenium-chromium-driver\4.17.0\selenium-chromium-driver-4.17.0.jar;C:\Users\2303619\.m2\repository\org\seleniumhq\selenium\selenium-json\4.17.0\selenium-json-4.17.0.jar;C:\Users\2303619\.m2\repository\org\seleniumhq\selenium\selenium-manager\4.17.0\selenium-manager-4.17.0.jar;C:\Users\2303619\.m2\repository\org\seleniumhq\selenium\selenium-devtools-v119\4.17.0\selenium-devtools-v119-4.17.0.jar;C:\Users\2303619\.m2\repository\org\seleniumhq\selenium\selenium-devtools-v120\4.17.0\selenium-devtools-v120-4.17.0.jar;C:\Users\2303619\.m2\repository\org\seleniumhq\selenium\selenium-devtools-v121\4.17.0\selenium-devtools-v121-4.17.0.jar;C:\Users\2303619\.m2\repository\org\seleniumhq\selenium\selenium-devtools-v85\4.17.0\selenium-devtools-v85-4.17.0.jar;C:\Users\2303619\.m2\repository\org\seleniumhq\selenium\selenium-edge-driver\4.17.0\selenium-edge-driver-4.17.0.jar;C:\Users\2303619\.m2\repository\org\seleniumhq\selenium\selenium-firefox-driver\4.17.0\selenium-firefox-driver-4.17.0.jar;C:\Users\2303619\.m2\repository\org\seleniumhq\selenium\selenium-http\4.17.0\selenium-http-4.17.0.jar;C:\Users\2303619\.m2\repository\dev\failsafe\failsafe\3.3.2\failsafe-3.3.2.jar;C:\Users\2303619\.m2\repository\org\seleniumhq\selenium\selenium-ie-driver\4.17.0\selenium-ie-driver-4.17.0.jar;C:\Users\2303619\.m2\repository\org\seleniumhq\selenium\selenium-remote-driver\4.17.0\selenium-remote-driver-4.17.0.jar;C:\Users\2303619\.m2\repository\com\google\guava\guava\33.0.0-jre\guava-33.0.0-jre.jar;C:\Users\2303619\.m2\repository\com\google\guava\failureaccess\1.0.2\failureaccess-1.0.2.jar;C:\Users\2303619\.m2\repository\com\google\guava\listenablefuture\9999.0-empty-to-avoid-conflict-with-guava\listenablefuture-9999.0-empty-to-avoid-conflict-with-guava.jar;C:\Users\2303619\.m2\repository\com\google\code\findbugs\jsr305\3.0.2\jsr305-3.0.2.jar;C:\Users\2303619\.m2\repository\org\checkerframework\checker-qual\3.41.0\checker-qual-3.41.0.jar;C:\Users\2303619\.m2\repository\com\google\errorprone\error_prone_annotations\2.23.0\error_prone_annotations-2.23.0.jar;C:\Users\2303619\.m2\repository\com\google\j2objc\j2objc-annotations\2.8\j2objc-annotations-2.8.jar;C:\Users\2303619\.m2\repository\io\opentelemetry\semconv\opentelemetry-semconv\1.23.1-alpha\opentelemetry-semconv-1.23.1-alpha.jar;C:\Users\2303619\.m2\repository\io\opentelemetry\opentelemetry-api\1.34.1\opentelemetry-api-1.34.1.jar;C:\Users\2303619\.m2\repository\io\opentelemetry\opentelemetry-context\1.34.1\opentelemetry-context-1.34.1.jar;C:\Users\2303619\.m2\repository\io\opentelemetry\opentelemetry-exporter-logging\1.34.1\opentelemetry-exporter-logging-1.34.1.jar;C:\Users\2303619\.m2\repository\io\opentelemetry\opentelemetry-sdk-common\1.34.1\opentelemetry-sdk-common-1.34.1.jar;C:\Users\2303619\.m2\repository\io\opentelemetry\opentelemetry-sdk-extension-autoconfigure-spi\1.34.1\opentelemetry-sdk-extension-autoconfigure-spi-1.34.1.jar;C:\Users\2303619\.m2\repository\io\opentelemetry\opentelemetry-sdk-extension-autoconfigure\1.34.1\opentelemetry-sdk-extension-autoconfigure-1.34.1.jar;C:\Users\2303619\.m2\repository\io\opentelemetry\opentelemetry-api-events\1.34.1-alpha\opentelemetry-api-events-1.34.1-alpha.jar;C:\Users\2303619\.m2\repository\io\opentelemetry\opentelemetry-sdk-trace\1.34.1\opentelemetry-sdk-trace-1.34.1.jar;C:\Users\2303619\.m2\repository\io\opentelemetry\opentelemetry-sdk\1.34.1\opentelemetry-sdk-1.34.1.jar;C:\Users\2303619\.m2\repository\io\opentelemetry\opentelemetry-sdk-metrics\1.34.1\opentelemetry-sdk-metrics-1.34.1.jar;C:\Users\2303619\.m2\repository\io\opentelemetry\opentelemetry-extension-incubator\1.34.1-alpha\opentelemetry-extension-incubator-1.34.1-alpha.jar;C:\Users\2303619\.m2\repository\io\opentelemetry\opentelemetry-sdk-logs\1.34.1\opentelemetry-sdk-logs-1.34.1.jar;C:\Users\2303619\.m2\repository\net\bytebuddy\byte-buddy\1.14.11\byte-buddy-1.14.11.jar;C:\Users\2303619\.m2\repository\org\seleniumhq\selenium\selenium-os\4.17.0\selenium-os-4.17.0.jar;C:\Users\2303619\.m2\repository\org\apache\commons\commons-exec\1.3\commons-exec-1.3.jar;C:\Users\2303619\.m2\repository\org\seleniumhq\selenium\selenium-safari-driver\4.17.0\selenium-safari-driver-4.17.0.jar;C:\Users\2303619\.m2\repository\org\seleniumhq\selenium\selenium-support\4.17.0\selenium-support-4.17.0.jar;C:\Users\2303619\.m2\repository\org\apache\poi\poi\5.2.4\poi-5.2.4.jar;C:\Users\2303619\.m2\repository\commons-codec\commons-codec\1.16.0\commons-codec-1.16.0.jar;C:\Users\2303619\.m2\repository\org\apache\commons\commons-collections4\4.4\commons-collections4-4.4.jar;C:\Users\2303619\.m2\repository\org\apache\commons\commons-math3\3.6.1\commons-math3-3.6.1.jar;C:\Users\2303619\.m2\repository\com\zaxxer\SparseBitSet\1.3\SparseBitSet-1.3.jar;C:\Users\2303619\.m2\repository\org\apache\logging\log4j\log4j-core\2.22.1\log4j-core-2.22.1.jar;C:\Users\2303619\.m2\repository\org\apache\logging\log4j\log4j-api\2.22.1\log4j-api-2.22.1.jar;C:\Users\2303619\.m2\repository\org\apache\logging\log4j\log4j-slf4j-impl\2.22.1\log4j-slf4j-impl-2.22.1.jar;C:\Users\2303619\.m2\repository\org\slf4j\slf4j-api\2.0.11\slf4j-api-2.0.11.jar;C:\Users\2303619\.m2\repository\org\slf4j\slf4j-simple\2.0.11\slf4j-simple-2.0.11.jar;C:\Users\2303619\.m2\repository\commons-io\commons-io\2.15.1\commons-io-2.15.1.jar;C:\Users\2303619\.m2\repository\org\apache\poi\poi-ooxml\5.2.4\poi-ooxml-5.2.4.jar;C:\Users\2303619\.m2\repository\org\apache\poi\poi-ooxml-lite\5.2.4\poi-ooxml-lite-5.2.4.jar;C:\Users\2303619\.m2\repository\org\apache\xmlbeans\xmlbeans\5.1.1\xmlbeans-5.1.1.jar;C:\Users\2303619\.m2\repository\com\github\virtuald\curvesapi\1.08\curvesapi-1.08.jar;C:\Users\2303619\.m2\repository\com\aventstack\extentreports\5.1.1\extentreports-5.1.1.jar;C:\Users\2303619\.m2\repository\io\reactivex\rxjava3\rxjava\3.1.6\rxjava-3.1.6.jar;C:\Users\2303619\.m2\repository\org\reactivestreams\reactive-streams\1.0.4\reactive-streams-1.0.4.jar;C:\Users\2303619\.m2\repository\org\freemarker\freemarker\2.3.32\freemarker-2.3.32.jar;C:\Users\2303619\.m2\repository\org\projectlombok\lombok\1.18.26\lombok-1.18.26.jar;"/>
    <property name="sun.cpu.endian" value="little"/>
    <property name="user.home" value="C:\Users\2303619"/>
    <property name="user.language" value="en"/>
    <property name="java.specification.vendor" value="Oracle Corporation"/>
    <property name="java.version.date" value="2022-01-18"/>
    <property name="java.home" value="C:\Program Files\Zulu\zulu-17"/>
    <property name="file.separator" value="\"/>
    <property name="basedir" value="C:\Users\2303619\eclipse-workspace\ZigwheelHackathon"/>
    <property name="java.vm.compressedOopsMode" value="32-bit"/>
    <property name="line.separator" value="&#10;"/>
    <property name="java.vm.specification.vendor" value="Oracle Corporation"/>
    <property name="java.specification.name" value="Java Platform API Specification"/>
    <property name="surefire.real.class.path" value="C:\Users\2303619\AppData\Local\Temp\10\surefire748584952937286398\surefirebooter-20240304123600624_3.jar"/>
    <property name="user.script" value=""/>
    <property name="sun.management.compiler" value="HotSpot 64-Bit Tiered Compilers"/>
    <property name="java.runtime.version" value="17.0.2+8-LTS"/>
    <property name="user.name" value="2303619"/>
    <property name="path.separator" value=";"/>
    <property name="os.version" value="10.0"/>
    <property name="java.runtime.name" value="OpenJDK Runtime Environment"/>
    <property name="file.encoding" value="Cp1252"/>
    <property name="java.vm.name" value="OpenJDK 64-Bit Server VM"/>
    <property name="java.vendor.version" value="Zulu17.32+13-CA"/>
    <property name="localRepository" value="C:\Users\2303619\.m2\repository"/>
    <property name="java.vendor.url.bug" value="http://www.azul.com/support/"/>
    <property name="java.io.tmpdir" value="C:\Users\2303619\AppData\Local\Temp\10\"/>
    <property name="java.version" value="17.0.2"/>
    <property name="user.dir" value="C:\Users\2303619\eclipse-workspace\ZigwheelHackathon"/>
    <property name="os.arch" value="amd64"/>
    <property name="java.vm.specification.name" value="Java Virtual Machine Specification"/>
    <property name="sun.os.patch.level" value=""/>
    <property name="native.encoding" value="Cp1252"/>
    <property name="java.library.path" value="C:\Program Files\Zulu\zulu-17\bin;C:\Windows\Sun\Java\bin;C:\Windows\system32;C:\Windows;C:\Program Files\Zulu\zulu-17\bin\;C:\Windows\system32;C:\Windows;C:\Windows\System32\Wbem;C:\Windows\System32\WindowsPowerShell\v1.0\;C:\Windows\System32\OpenSSH\;C:\Program Files\Git\cmd;C:\Users\2303619\apache-maven-3.9.3\bin;C:\Users\2303619\apache-maven-3.9.3;%M2_MAVEN%\BIN;C:\Users\2303619\AppData\Local\Microsoft\WindowsApps;;."/>
    <property name="java.vm.info" value="mixed mode, sharing"/>
    <property name="java.vendor" value="Azul Systems, Inc."/>
    <property name="java.vm.version" value="17.0.2+8-LTS"/>
    <property name="sun.io.unicode.encoding" value="UnicodeLittle"/>
    <property name="java.class.version" value="61.0"/>
  </properties>
  <testcase name="verifyHomeTitle" classname="testCases.TC_1_UpcomingBikes" time="0.507"/>
  <testcase name="newBikesDropdown" classname="testCases.TC_1_UpcomingBikes" time="0.495"/>
  <testcase name="verifyUpcomingBikeOption" classname="testCases.TC_1_UpcomingBikes" time="0.34"/>
  <testcase name="upcomingBikes" classname="testCases.TC_1_UpcomingBikes" time="1.194"/>
  <testcase name="verifyUpcomingBikePageUrl" classname="testCases.TC_1_UpcomingBikes" time="0.318"/>
  <testcase name="manufacturersDropdown" classname="testCases.TC_1_UpcomingBikes" time="1.769"/>
  <testcase name="verifyHondaSelected" classname="testCases.TC_1_UpcomingBikes" time="0.535"/>
  <testcase name="viewMoreBikesclick" classname="testCases.TC_1_UpcomingBikes" time="0.877"/>
  <testcase name="ModelsLessThan4lakh" classname="testCases.TC_1_UpcomingBikes" time="5.141">
    <system-out><![CDATA[Honda CRF300L:Rs. 3.30 Lakh Launch Date : 30 Mar 2024
Honda Activa Electric:Rs. 1.10 Lakh Launch Date : Mar 2024
Honda Forza 350:Rs. 3.70 Lakh Launch Date : Mar 2024
Honda CB350 Cruiser:Rs. 2.30 Lakh Launch Date : Mar 2024
Honda Activa 7G:Rs. 79,000 Launch Date : Apr 2024
Honda PCX160:Rs. 1.20 Lakh Launch Date : Jun 2024
Honda CBR150R:Rs. 1.70 Lakh Launch Date : Unrevealed
Honda Rebel 300:Rs. 2.30 Lakh Launch Date : Unrevealed
Excel file has been generated successfully!
]]></system-out>
  </testcase>
  <testcase name="visibilityOfUsedCarsDropdown" classname="testCases.TC_2_UsedCars" time="0.96"/>
  <testcase name="usedCarsDropdown" classname="testCases.TC_2_UsedCars" time="1.091"/>
  <testcase name="selectChennaiUsedCars" classname="testCases.TC_2_UsedCars" time="5.404"/>
  <testcase name="popularModel" classname="testCases.TC_2_UsedCars" time="0.96">
    <system-out><![CDATA[Following is the list of Popular models:
Maruti 800
Maruti Swift Dzire
Maruti Swift
Hyundai I10
Hyundai Santro Xing
Honda City
Toyota Innova
Toyota Fortuner
Mahindra XUV500
]]></system-out>
  </testcase>
  <testcase name="clickForum" classname="testCases.TC_3_GoogleSignin" time="2.926"/>
  <testcase name="verifyForumPageTitle" classname="testCases.TC_3_GoogleSignin" time="0.755"/>
  <testcase name="clickSignup" classname="testCases.TC_3_GoogleSignin" time="0.598"/>
  <testcase name="clickGoogle" classname="testCases.TC_3_GoogleSignin" time="0.504"/>
  <testcase name="signinWithEmail" classname="testCases.TC_3_GoogleSignin" time="2.305"/>
  <testcase name="emailNextButton" classname="testCases.TC_3_GoogleSignin" time="0.909"/>
  <testcase name="ErrorMessage" classname="testCases.TC_3_GoogleSignin" time="0.259">
    <system-out><![CDATA[Enter a valid email or phone number
]]></system-out>
  </testcase>
</testsuite>