<?xml version="1.0" encoding="UTF-8"?>
<!-- Generated by org.testng.reporters.JUnitReportReporter -->
<testsuite hostname="LTIN233254" failures="0" tests="7" name="testCases.TC_3_GoogleSignin" time="6.504" errors="0" timestamp="2024-03-04T12:20:35 IST" skipped="0">
  <testcase classname="testCases.TC_3_GoogleSignin" name="clickForum" time="3.484"/>
  <system-out/>
  <testcase classname="testCases.TC_3_GoogleSignin" name="verifyForumPageTitle" time="0.008"/>
  <system-out/>
  <testcase classname="testCases.TC_3_GoogleSignin" name="clickSignup" time="0.223"/>
  <system-out/>
  <testcase classname="testCases.TC_3_GoogleSignin" name="clickGoogle" time="0.143"/>
  <system-out/>
  <testcase classname="testCases.TC_3_GoogleSignin" name="signinWithEmail" time="1.967"/>
  <system-out/>
  <testcase classname="testCases.TC_3_GoogleSignin" name="emailNextButton" time="0.505"/>
  <system-out/>
  <testcase classname="testCases.TC_3_GoogleSignin" name="ErrorMessage" time="0.174"/>
  <system-out/>
</testsuite> <!-- testCases.TC_3_GoogleSignin -->
