<?xml version="1.0" encoding="UTF-8"?>
<!-- Generated by org.testng.reporters.JUnitReportReporter -->
<testsuite hostname="LTIN233254" failures="0" tests="9" name="testCases.TC_1_UpcomingBikes" time="9.445" errors="0" timestamp="2024-03-04T12:20:35 IST" skipped="0">
  <testcase classname="testCases.TC_1_UpcomingBikes" name="verifyHomeTitle" time="0.141"/>
  <system-out/>
  <testcase classname="testCases.TC_1_UpcomingBikes" name="newBikesDropdown" time="0.173"/>
  <system-out/>
  <testcase classname="testCases.TC_1_UpcomingBikes" name="verifyUpcomingBikeOption" time="0.065"/>
  <system-out/>
  <testcase classname="testCases.TC_1_UpcomingBikes" name="upcomingBikes" time="1.362"/>
  <system-out/>
  <testcase classname="testCases.TC_1_UpcomingBikes" name="verifyUpcomingBikePageUrl" time="0.172"/>
  <system-out/>
  <testcase classname="testCases.TC_1_UpcomingBikes" name="manufacturersDropdown" time="2.244"/>
  <system-out/>
  <testcase classname="testCases.TC_1_UpcomingBikes" name="verifyHondaSelected" time="0.080"/>
  <system-out/>
  <testcase classname="testCases.TC_1_UpcomingBikes" name="viewMoreBikesclick" time="0.224"/>
  <system-out/>
  <testcase classname="testCases.TC_1_UpcomingBikes" name="ModelsLessThan4lakh" time="4.984"/>
  <system-out/>
</testsuite> <!-- testCases.TC_1_UpcomingBikes -->
