<?xml version="1.0" encoding="UTF-8"?>
<!-- Generated by org.testng.reporters.JUnitReportReporter -->
<testsuite hostname="LTIN233254" failures="0" tests="4" name="testCases.TC_2_UsedCars" time="7.014" errors="0" timestamp="2024-03-04T12:37:19 IST" skipped="0">
  <testcase classname="testCases.TC_2_UsedCars" name="visibilityOfUsedCarsDropdown" time="0.654"/>
  <system-out/>
  <testcase classname="testCases.TC_2_UsedCars" name="usedCarsDropdown" time="0.526"/>
  <system-out/>
  <testcase classname="testCases.TC_2_UsedCars" name="selectChennaiUsedCars" time="5.141"/>
  <system-out/>
  <testcase classname="testCases.TC_2_UsedCars" name="popularModel" time="0.693"/>
  <system-out/>
</testsuite> <!-- testCases.TC_2_UsedCars -->
