<?xml version="1.0" encoding="UTF-8"?>
<!-- Generated by org.testng.reporters.JUnitReportReporter -->
<testsuite hostname="LTIN233254" failures="0" tests="7" name="testCases.TC_3_GoogleSignin" time="6.143" errors="0" timestamp="2024-03-04T12:37:19 IST" skipped="0">
  <testcase classname="testCases.TC_3_GoogleSignin" name="clickForum" time="2.686"/>
  <system-out/>
  <testcase classname="testCases.TC_3_GoogleSignin" name="verifyForumPageTitle" time="0.009"/>
  <system-out/>
  <testcase classname="testCases.TC_3_GoogleSignin" name="clickSignup" time="0.250"/>
  <system-out/>
  <testcase classname="testCases.TC_3_GoogleSignin" name="clickGoogle" time="0.216"/>
  <system-out/>
  <testcase classname="testCases.TC_3_GoogleSignin" name="signinWithEmail" time="2.169"/>
  <system-out/>
  <testcase classname="testCases.TC_3_GoogleSignin" name="emailNextButton" time="0.709"/>
  <system-out/>
  <testcase classname="testCases.TC_3_GoogleSignin" name="ErrorMessage" time="0.104"/>
  <system-out/>
</testsuite> <!-- testCases.TC_3_GoogleSignin -->
