<?xml version="1.0" encoding="UTF-8"?>
<!-- Generated by org.testng.reporters.JUnitReportReporter -->
<testsuite hostname="LTIN233254" failures="0" tests="9" name="testCases.TC_1_UpcomingBikes" time="7.418" errors="0" timestamp="2024-03-04T12:37:19 IST" skipped="0">
  <testcase classname="testCases.TC_1_UpcomingBikes" name="verifyHomeTitle" time="0.164"/>
  <system-out/>
  <testcase classname="testCases.TC_1_UpcomingBikes" name="newBikesDropdown" time="0.182"/>
  <system-out/>
  <testcase classname="testCases.TC_1_UpcomingBikes" name="verifyUpcomingBikeOption" time="0.074"/>
  <system-out/>
  <testcase classname="testCases.TC_1_UpcomingBikes" name="upcomingBikes" time="0.874"/>
  <system-out/>
  <testcase classname="testCases.TC_1_UpcomingBikes" name="verifyUpcomingBikePageUrl" time="0.013"/>
  <system-out/>
  <testcase classname="testCases.TC_1_UpcomingBikes" name="manufacturersDropdown" time="1.520"/>
  <system-out/>
  <testcase classname="testCases.TC_1_UpcomingBikes" name="verifyHondaSelected" time="0.063"/>
  <system-out/>
  <testcase classname="testCases.TC_1_UpcomingBikes" name="viewMoreBikesclick" time="0.484"/>
  <system-out/>
  <testcase classname="testCases.TC_1_UpcomingBikes" name="ModelsLessThan4lakh" time="4.044"/>
  <system-out/>
</testsuite> <!-- testCases.TC_1_UpcomingBikes -->
